2025-11-04T13:25:02.316Z INFO SharedStateManager initialized
2025-11-04T13:25:02.317Z INFO Is remote: false
2025-11-04T13:25:02.317Z INFO Starting Local. Installation path: undefined
2025-11-04T13:25:02.317Z INFO [MainProvider] Creating new MainProvider instance...
2025-11-04T13:25:02.318Z INFO Installation path exists: /home/ariyaman/OpenSource/MyBlog/Blogify-v.3.0/backend
2025-11-04T13:25:02.318Z INFO Initializing database with URL: file:/tmp/pythagora-temp/pythagora.db
2025-11-04T13:25:02.320Z INFO New database detected, running full prisma setup...
2025-11-04T13:25:02.320Z INFO [/home/ariyaman/.vscode/extensions/pythagoratechnologies.pythagora-vs-code-2.5.25] Project root:
2025-11-04T13:25:02.320Z INFO [/home/ariyaman/.vscode/extensions/pythagoratechnologies.pythagora-vs-code-2.5.25/prisma/schema.prisma] Schema path:
2025-11-04T13:25:02.320Z INFO [file:/tmp/pythagora-temp/pythagora.db] Database URL:
2025-11-04T13:25:02.322Z INFO [true] Schema exists:
2025-11-04T13:25:02.322Z INFO Running prisma generate first...
2025-11-04T13:25:05.624Z INFO [Prisma schema loaded from prisma/schema.prisma

✔ Generated Prisma Client (6.18.0) to ./src/generated/prisma in 865ms

] Prisma generate result:
2025-11-04T13:25:05.624Z INFO Running prisma db push to sync schema...
2025-11-04T13:25:09.030Z INFO [Prisma schema loaded from prisma/schema.prisma
Datasource "db": SQLite database "pythagora.db" at "file:/tmp/pythagora-temp/pythagora.db"

SQLite database pythagora.db created at file:/tmp/pythagora-temp/pythagora.db

🚀  Your database is now in sync with your Prisma schema. Done in 105ms

Running generate... (Use --skip-generate to skip the generators)
[2K[1A[2K[GRunning generate... - Prisma Client
[2K[1A[2K[G✔ Generated Prisma Client (6.18.0) to ./src/generated/prisma in 674ms

] Prisma db push result:
2025-11-04T13:25:09.030Z INFO Database initialized successfully
2025-11-04T13:25:09.031Z INFO [Migration] Checking for database migration...
2025-11-04T13:25:10.458Z INFO [Migration] No migration needed
2025-11-04T13:34:24.353Z INFO Closing entire Pythagora extension...
2025-11-04T13:34:24.371Z ERROR Error closing extension
Error: Canceled
Stack: Canceled: Canceled
    at new lR (file:///usr/share/code/resources/app/out/vs/workbench/api/node/extensionHostProcess.js:29:115042)
    at C4.U (file:///usr/share/code/resources/app/out/vs/workbench/api/node/extensionHostProcess.js:29:119652)
    at Proxy.s.<computed>.n.charCodeAt.s.<computed> (file:///usr/share/code/resources/app/out/vs/workbench/api/node/extensionHostProcess.js:29:117146)
    at Hb.g (file:///usr/share/code/resources/app/out/vs/workbench/api/node/extensionHostProcess.js:112:41045)
    at Hb.executeCommand (file:///usr/share/code/resources/app/out/vs/workbench/api/node/extensionHostProcess.js:112:40549)
    at Object.executeCommand (file:///usr/share/code/resources/app/out/vs/workbench/api/node/extensionHostProcess.js:196:102286)
    at closeEntirePythagoraExtension (/home/ariyaman/.vscode/extensions/pythagoratechnologies.pythagora-vs-code-2.5.25/out/extension.js:390:31)
    at Object.deactivate (/home/ariyaman/.vscode/extensions/pythagoratechnologies.pythagora-vs-code-2.5.25/out/extension.js:295:15)
    at LZ.eb (file:///usr/share/code/resources/app/out/vs/workbench/api/node/extensionHostProcess.js:116:11836)
    at file:///usr/share/code/resources/app/out/vs/workbench/api/node/extensionHostProcess.js:116:9986
    at Array.map (<anonymous>)
    at LZ.$ (file:///usr/share/code/resources/app/out/vs/workbench/api/node/extensionHostProcess.js:116:9974)
    at LZ.terminate (file:///usr/share/code/resources/app/out/vs/workbench/api/node/extensionHostProcess.js:116:10217)
    at E3.terminate (file:///usr/share/code/resources/app/out/vs/workbench/api/node/extensionHostProcess.js:118:914)
    at ws (file:///usr/share/code/resources/app/out/vs/workbench/api/node/extensionHostProcess.js:388:10154)
    at MessagePortMain.<anonymous> (file:///usr/share/code/resources/app/out/vs/workbench/api/node/extensionHostProcess.js:388:6693)
    at MessagePortMain.emit (node:events:518:28)
    at Object.MessagePortMain._internalPort.emit (node:electron/js2c/utility_init:2:2949)
    at Object.callbackTrampoline (node:internal/async_hooks:130:17)
Extra context: {
  "message": "Canceled"
}
